<?xml version="1.0" encoding="UTF-8"?>
<!-- Generated by org.testng.reporters.JUnitReportReporter -->
<testsuite hostname="WKWIN9628971" failures="0" tests="2" name="com.dhl.qa.testCases.GetQuoteTest" time="36.462"
           errors="0" timestamp="16 May 2023 07:13:46 GMT" skipped="0">
    <testcase classname="com.dhl.qa.testCases.GetQuoteTest" name="verifyContactsPageLabel" time="18.122"/>
    <testcase classname="com.dhl.qa.testCases.GetQuoteTest" name="verifyContactsPageLabel" time="18.340"/>
</testsuite> <!-- com.dhl.qa.testCases.GetQuoteTest -->
