<?xml version="1.0" encoding="UTF-8"?>
<!-- Generated by org.testng.reporters.JUnitReportReporter -->
<testsuite hostname="WKWIN9628971" failures="0" tests="1" name="com.dhl.qa.testCases.HomePageTest" time="7.178"
           errors="0" timestamp="16 May 2023 07:13:46 GMT" skipped="0">
    <testcase classname="com.dhl.qa.testCases.HomePageTest" name="verifyCountryName" time="7.178"/>
</testsuite> <!-- com.dhl.qa.testCases.HomePageTest -->
