<?xml version="1.0" encoding="UTF-8"?>
<!-- Generated by org.testng.reporters.JUnitReportReporter -->
<testsuite skipped="0" hostname="WKWIN9628971" name="selenium.SauceDemoTest" tests="1" failures="0" timestamp="02 Jun 2023 02:17:50 GMT" time="22.579" errors="0">
  <testcase name="loginSauceDemoPage" time="22.579" classname="selenium.SauceDemoTest"/>
</testsuite> <!-- selenium.SauceDemoTest -->
